Processing "/Users/ecb/Documents/sandboxes/Hobyah/verification+validation/ok-022-sectype-changes.txt"
  using Hobyah.py, run at 10:40 on 27 Apr 2024 by ecb.
Read the contents of "ok-022-sectype-changes.txt".
Found the "begin settings" line.
Found the "end plots" line.
Processed all the lines of entry in blocks.
Comments at the top of the file were as follows:
  Test input file for Hobyah, a 1D tunnel vent program.
  September 2023
  
  This file has two aims:
  
    1) Compare flow and pressure profiles in tunnels with a change of
       sectype (but to the same sectype) partway along.  The sum of
       the pressure loss factors is the same as in the first two tunnels
       that do not have a change of sectype.  The flows should be mostly
       unaltered by the inclusion of the change of sectype.
  
    2) Provide simple examples of flow in a tunnel of constant area
       (driven by pressure difference) and show the equivalent
       calculations in the incompressible quadratics spreadsheet is
       close enough to verify the Hobyah calculation of friction,
       pressure difference and losses.
  
  This calculation has four tunnels that test the setting of pressure
  loss factors at portals and at changes of sectype.  The following
  ASCII art shows the tunnels, their portal pressures and the pressure
  loss factors relevant to the direction of flow through the tunnel.
  
                             Loss at                           Loss at
                             back end                          fwd end
                             __________________________________________
  
  Tunnel Mainline1   +20 Pa   --> 2.6                         --> 0.85    0 Pa
                             ------------------------------------------
  
                             Loss at                           Loss at
                             back end                          fwd end
                             __________________________________________
  
  Tunnel Mainline2     0 Pa   <-- 2.2                         <-- 0.24  +20 Pa
                             ------------------------------------------
  
  
                             Loss at         Loss at           Loss at
                             back end        a change          fwd end
                             __________________________________________
  
  Tunnel Mainline3   +20 Pa   --> 2.6        --> 0.42         --> 0.43    0 Pa
                             ------------------------------------------
  
                             Loss at         Loss at           Loss at
                             back end        a change          fwd end
                             __________________________________________
  
  Tunnel Mainline4     0 Pa   <-- 2.2        <-- 0.13         <-- 0.11  +20 Pa
                             ------------------------------------------
  
  
  The sum of the left-to-right pressure losses in tunnels Mainline1 and
  Mainline3 are the same, even though they are set in different places.
  
  Likewise the sum of the right-to-left pressure losses in tunnels Mainline2
  Mainline4 are the same, even though they are set in different places.
  
  
  In a compressible flow calculation, moving pressure loss factors around
  affects the airflow, because there is a density gradient along the
  tunnel and pressure loss factors in different locations cause slightly
  different pressure drops.
  But if the pressure differentials are low (and 20 Pa is a low pressure
  differential) the differences are slight.
  
  Tunnels Mainline1 and Mainline2 ought to have near-identical velocities
  and mass flows but different pressure profiles, with airflow from left
  to right.
  
  Tunnels Mainline3 and Mainline4 ought to have near-identical velocities
  and mass flows but different pressure profiles, with airflow from right
  to left.
  
  Results
  -------
  
  1) Air velocities at the back ends of tunnels Mainline1 and Mainline3 at
  the final timestep are:
      Mainline1: +1.891083 m/s
      Mainline3: +1.891251 m/s
  
  Air velocities at the back ends of tunnels Mainline2 and Mainline4 at
  the final timestep are:
      Mainline2: -2.002864 m/s
      Mainline4: -2.002664 m/s
  
  The differences are so slight that the presence of the change of sectype
  having no significant effect is verified.
  
  
  2) The spreadsheet "slug-flow-ok-022-area-changes-verification.ods" gives
     the following results:
      +ve airflow: +1.879144 m/s (compare to Mainline1 and Mainline3)
      -ve airflow: -1.988534 m/s (compare to Mainline2 and Mainline4)
  
  These are close enough to the compressible flow calculations (99.3%) that
  we can put the difference down to compressible versus incompressible.
  
  These are also close enough that we can put the difference down to
  compressible versus incompressible.
Processing a sub-dictionary of "plots", with sub-key "page".
Processing a sub-dictionary of "page", with sub-key "graph".
Processing a sub-dictionary of "page", with sub-key "graph".
Finished splitting all the blocks up.
Found 9 blocks in the file.
There were no wrongly-nested blocks.
There were no name clashes at any level.
Added settings:
   debug1: False
   serial: False
   nocalc: False
   dudbins: False
   file_count: 1
   script_name: Hobyah.py
   script_date: 10:40 on 27 Apr 2024
   show_errors: False
   nofortran: True
   user_name: ecb
   when_who: 10:40 on 27 Apr 2024 by ecb
   file_name: ok-022-sectype-changes.txt
   dir_name: /Users/ecb/Documents/sandboxes/Hobyah/verification+validation/
   file_stem: ok-022-sectype-changes
   file_ext: .txt
   named: ['tunnel', 'route', 'data', 'files', 'fanchar', 'traintype', 'schedule', 'tunnelclones', 'trafficsteady', 'gradients', 'page', 'timeloop', 'filesloop', 'graph', 'image']
   unnamed: ['settings', 'testblock', 'constants', 'plotcontrol', 'sectypes', 'gradients', 'elevations', 'heights', 'tunnels', 'speedlimits', 'lanes', 'sub_testblock', 'traffictypes', 'jetfantypes', 'plots', 'verbatim', 'csv', 'image', 'page', 'timeloop', 'filesloop', 'graph', 'image']
   duplicables: ['testblock', 'constants', 'sectypes', 'page', 'graph', 'timeloop', 'filesloop', 'verbatim', 'data', 'image', 'fanchar', 'schedule', 'tunnelclones', 'lanes', 'trafficsteady']
   reserved: ['calc', 'begin', 'end', 'title', 'xlabel', 'ylabel', 'x2label', 'y2label', 'xrange', 'yrange', 'x2range', 'y2range', 'margins', 'verbatim', 'data']
   version: 1
   runtype: calc
   frictiontype: darcy
   frictionapprox: colebrook
   units: si
   qa1: 4
   qa2: Hobyah documentation images
   qa3: Files that generate images used in the documentation
   p_atm: 101325.0
   rho_atm: 1.2
   header: underfoot
   footer: on
   plotnames: .txt
   images: optional
   solver: moc2
   autokeys: on
   keytextscale: 0.65
   max_roughness: 0.5
   gamma: 1.4
   max_vel: 20.0
   rise_time: 2.0
   time_accuracy: 8
   g: 9.80665
   min_area: 0.1
   jetfancounts: integers
   aero_step: 0.1
   aero_time: 3000.0
   block_index: unnamed
Added sectype:
   west-c+c: [92.0, 45.0, -0.01, '', {}, 13]
Added tunnel mainline1:
   back: (0.0, 'portal', 20.0, 'West-C+C', '', {'zeta_in': '2.6', 'zeta_out': '2.2'}, 16)
   fwd: (1500.0, 'portal', 0.0, '', {'zeta_bf': '0.85', 'zeta_fb': '0.24'}, 17)
   block_index: ('mainline1', 15)
Added tunnel mainline2:
   back: (0.0, 'portal', 0.0, 'West-C+C', '', {'zeta_bf': '2.6', 'zeta_fb': '2.2'}, 20)
   fwd: (1500.0, 'portal', 20.0, '', {'zeta_out': '0.85', 'zeta_in': '0.24'}, 21)
   block_index: ('mainline2', 19)
Added tunnel mainline3:
   back: (0.0, 'portal', 20.0, 'West-C+C', '', {'zeta_in': '2.6', 'zeta_out': '2.2'}, 24)
   change#25: (750.0, 'west-c+c', '', {'zeta_bf': '0.42', 'zeta_fb': '0.13'}, 25)
   fwd: (1500.0, 'portal', 0.0, '', {'zeta_bf': '0.43', 'zeta_fb': '0.11'}, 26)
   block_index: ('mainline3', 23)
Added tunnel mainline4:
   back: (0.0, 'portal', 0.0, 'West-C+C', '', {'zeta_in': '2.6', 'zeta_out': '2.2'}, 29)
   fwd: (1500.0, 'portal', 20.0, '', {'zeta_bf': '0.43', 'zeta_fb': '0.13'}, 30)
   change#31: (750.0, 'west-c+c', '', {'zeta_bf': '0.42', 'zeta_fb': '0.11'}, 31)
   block_index: ('mainline4', 28)

Splitting up the tunnels into segments with unique seg_IDs.

 Seg_ID 1, 1st (and only) segment of tunnel "mainline1":
              Back end: 0.0 m (portal with gauge pressure 20.0 Pa)
           Forward end: 1500.0 m (portal with gauge pressure 0.0 Pa)
        Segment length: 1500.0 m
          Segment area: 92.0 m^2
             Perimeter: 45.0 m
    Hydraulic diameter: 8.1778 m
     Fixed Fanning c_f: 0.0025
    Fixed Darcy lambda: 0.01
      Fixed Atkinson k: 0.0015 kg/m^3
      Back inflow zeta: 2.6    (zeta_bf)
     Back outflow zeta: 2.2    (zeta_fb)
  Forward outflow zeta: 0.85    (zeta_bf)
   Forward inflow zeta: 0.24    (zeta_fb)
        Count of cells: 41
           Cell length: 36.5854 m
   Count of gridpoints: 42

 Seg_ID 2, 1st (and only) segment of tunnel "mainline2":
              Back end: 0.0 m (portal with gauge pressure 0.0 Pa)
           Forward end: 1500.0 m (portal with gauge pressure 20.0 Pa)
        Segment length: 1500.0 m
          Segment area: 92.0 m^2
             Perimeter: 45.0 m
    Hydraulic diameter: 8.1778 m
     Fixed Fanning c_f: 0.0025
    Fixed Darcy lambda: 0.01
      Fixed Atkinson k: 0.0015 kg/m^3
      Back inflow zeta: 2.6    (zeta_bf)
     Back outflow zeta: 2.2    (zeta_fb)
  Forward outflow zeta: 0.85    (zeta_bf)
   Forward inflow zeta: 0.24    (zeta_fb)
        Count of cells: 41
           Cell length: 36.5854 m
   Count of gridpoints: 42

 Seg_ID 3, 1st segment of tunnel "mainline3":
              Back end: 0.0 m (portal with gauge pressure 20.0 Pa)
           Forward end: 750.0 m (change of sectype)
        Segment length: 750.0 m
          Segment area: 92.0 m^2
             Perimeter: 45.0 m
    Hydraulic diameter: 8.1778 m
     Fixed Fanning c_f: 0.0025
    Fixed Darcy lambda: 0.01
      Fixed Atkinson k: 0.0015 kg/m^3
      Back inflow zeta: 2.6    (zeta_bf)
     Back outflow zeta: 2.2    (zeta_fb)
  Forward outflow zeta: 0.42    (zeta_bf)
   Forward inflow zeta: 0.13    (zeta_fb)
        Count of cells: 20
           Cell length: 37.5 m
   Count of gridpoints: 21

 Seg_ID 4, last segment of tunnel "mainline3":
              Back end: 750.0 m (change of sectype)
           Forward end: 1500.0 m (portal with gauge pressure 0.0 Pa)
        Segment length: 750.0 m
          Segment area: 92.0 m^2
             Perimeter: 45.0 m
    Hydraulic diameter: 8.1778 m
     Fixed Fanning c_f: 0.0025
    Fixed Darcy lambda: 0.01
      Fixed Atkinson k: 0.0015 kg/m^3
      Back inflow zeta: 0.0    (zeta_bf)
     Back outflow zeta: 0.0    (zeta_fb)
  Forward outflow zeta: 0.43    (zeta_bf)
   Forward inflow zeta: 0.11    (zeta_fb)
        Count of cells: 20
           Cell length: 37.5 m
   Count of gridpoints: 21

 Seg_ID 5, 1st segment of tunnel "mainline4":
              Back end: 0.0 m (portal with gauge pressure 0.0 Pa)
           Forward end: 750.0 m (change of sectype)
        Segment length: 750.0 m
          Segment area: 92.0 m^2
             Perimeter: 45.0 m
    Hydraulic diameter: 8.1778 m
     Fixed Fanning c_f: 0.0025
    Fixed Darcy lambda: 0.01
      Fixed Atkinson k: 0.0015 kg/m^3
      Back inflow zeta: 2.6    (zeta_bf)
     Back outflow zeta: 2.2    (zeta_fb)
  Forward outflow zeta: 0.42    (zeta_bf)
   Forward inflow zeta: 0.11    (zeta_fb)
        Count of cells: 20
           Cell length: 37.5 m
   Count of gridpoints: 21

 Seg_ID 6, last segment of tunnel "mainline4":
              Back end: 750.0 m (change of sectype)
           Forward end: 1500.0 m (portal with gauge pressure 20.0 Pa)
        Segment length: 750.0 m
          Segment area: 92.0 m^2
             Perimeter: 45.0 m
    Hydraulic diameter: 8.1778 m
     Fixed Fanning c_f: 0.0025
    Fixed Darcy lambda: 0.01
      Fixed Atkinson k: 0.0015 kg/m^3
      Back inflow zeta: 0.0    (zeta_bf)
     Back outflow zeta: 0.0    (zeta_fb)
  Forward outflow zeta: 0.43    (zeta_bf)
   Forward inflow zeta: 0.13    (zeta_fb)
        Count of cells: 20
           Cell length: 37.5 m
   Count of gridpoints: 21

Generating the lists of joins.


Seg_IDs connected at join "mainline3-#1": [3, -4]
  * Forward end of seg_ID 3 attached, details:
                          Area: 92.0 m^2
                           D_h: 8.1778 m
         Roughness height/-c_f: -0.0025
                  Zeta towards: 0.42    (fb)
                     Zeta away: 0.13    (bf)
       Stagnation term towards: 0.116
          Stagnation term away: 0.226
  * Back end of seg_ID 4 attached, details:
                          Area: 92.0 m^2
                           D_h: 8.1778 m
         Roughness height/-c_f: -0.0025
                  Zeta towards: 0.0    (bf)
                     Zeta away: 0.0    (fb)
       Stagnation term towards: 0.2
          Stagnation term away: 0.2

Seg_IDs connected at join "mainline4-#1": [5, -6]
  * Forward end of seg_ID 5 attached, details:
                          Area: 92.0 m^2
                           D_h: 8.1778 m
         Roughness height/-c_f: -0.0025
                  Zeta towards: 0.42    (fb)
                     Zeta away: 0.11    (bf)
       Stagnation term towards: 0.116
          Stagnation term away: 0.222
  * Back end of seg_ID 6 attached, details:
                          Area: 92.0 m^2
                           D_h: 8.1778 m
         Roughness height/-c_f: -0.0025
                  Zeta towards: 0.0    (bf)
                     Zeta away: 0.0    (fb)
       Stagnation term towards: 0.2
          Stagnation term away: 0.2
Segment-based traffic drag and jet fan thrust terms.
Print time: 3000.0 seconds
 Tunnel name: "mainline1" (1st segment)
    Distances: [0.0, 36.58536585365854, 73.17073170731707, 109.7560975609756, 146.34146341463415, 182.9268292682927, 219.5121951219512, 256.0975609756098, 292.6829268292683, 329.2682926829268, 365.8536585365854, 402.4390243902439, 439.0243902439024, 475.609756097561, 512.1951219512196, 548.780487804878, 585.3658536585366, 621.9512195121952, 658.5365853658536, 695.1219512195122, 731.7073170731708, 768.2926829268292, 804.8780487804878, 841.4634146341464, 878.0487804878048, 914.6341463414634, 951.219512195122, 987.8048780487806, 1024.3902439024391, 1060.9756097560976, 1097.560975609756, 1134.1463414634147, 1170.7317073170732, 1207.3170731707316, 1243.9024390243903, 1280.4878048780488, 1317.0731707317073, 1353.658536585366, 1390.2439024390244, 1426.8292682926829, 1463.4146341463415, 1500.0]
   Celerities: [343.82353738137806, 343.82345530622797, 343.82337323086233, 343.82329115528114, 343.82320907948457, 343.8231270034723, 343.82304492724455, 343.8229628508011, 343.82288077414216, 343.8227986972676, 343.82271662017746, 343.8226345428718, 343.8225524653506, 343.82247038761375, 343.82238830966133, 343.8223062314934, 343.8222241531099, 343.8221420745109, 343.82205999569624, 343.821977916666, 343.8218958374203, 343.8218137579589, 343.82173167828194, 343.8216495983894, 343.82156751828137, 343.8214854379578, 343.8214033574186, 343.82132127666375, 343.8212391956932, 343.8211571145072, 343.8210750331055, 343.8209929514883, 343.8209108696555, 343.82082878760707, 343.8207467053431, 343.8206646228635, 343.82058254016835, 343.8205004572575, 343.8204183741311, 343.82033629078916, 343.82025420723164, 343.8201721234586]
   Velocities: [2.5114568902507584, 2.51145988822199, 2.5114628862051953, 2.511465884200622, 2.511468882207958, 2.5114718802276212, 2.5114748782598912, 2.5114778763038244, 2.511480874359655, 2.511483872428304, 2.5114868705088806, 2.5114898686014233, 2.5114928667064684, 2.511495864823512, 2.511498862953238, 2.5115018610948394, 2.5115048592480944, 2.5115078574142653, 2.511510855592438, 2.5115138537830335, 2.511516851985269, 2.511519850199394, 2.5115228484259267, 2.5115258466647066, 2.5115288449153206, 2.511531843178548, 2.511534841454104, 2.511537839741362, 2.511540838041016, 2.511543836352794, 2.5115468346770515, 2.5115498330127624, 2.511552831361079, 2.511555829721811, 2.511558828094727, 2.5115618264794923, 2.511564824876823, 2.511567823286281, 2.5115708217076667, 2.511573820141278, 2.511576818586641, 2.511579817044541]
      Density: [1.2000539254162506, 1.200052493074536, 1.2000510607304267, 1.2000496283839241, 1.2000481960350309, 1.20004676368374, 1.2000453313300572, 1.200043898973977, 1.2000424666155045, 1.2000410342546377, 1.2000396018913746, 1.2000381695257196, 1.2000367371576697, 1.2000353047872254, 1.2000338724143862, 1.2000324400391538, 1.2000310076615268, 1.2000295752815064, 1.2000281428990913, 1.200026710514282, 1.200025278127079, 1.2000238457374817, 1.2000224133454884, 1.2000209809511018, 1.200019548554322, 1.2000181161551489, 1.20001668375358, 1.2000152513496165, 1.2000138189432559, 1.2000123865345034, 1.200010954123355, 1.2000095217098137, 1.2000080892938776, 1.2000066568755472, 1.2000052244548223, 1.200003792031703, 1.200002359606189, 1.2000009271782794, 1.1999994947479762, 1.199998062315279, 1.1999966298801883, 1.1999951974427039]
     P_static: [101331.37471556071, 101331.20539186268, 101331.0360679624, 101330.86674386004, 101330.69741955589, 101330.52809504914, 101330.35877034049, 101330.18944542929, 101330.02012031611, 101329.8507950007, 101329.68146948292, 101329.51214376318, 101329.3428178412, 101329.17349171697, 101329.0041653905, 101328.83483886198, 101328.66551213122, 101328.49618519838, 101328.32685806327, 101328.15753072598, 101327.98820318661, 101327.818875445, 101327.64954750103, 101327.48021935495, 101327.31089100687, 101327.14156245666, 101326.97223370413, 101326.80290474933, 101326.63357559202, 101326.46424623282, 101326.29491667125, 101326.12558690761, 101325.95625694178, 101325.78692677371, 101325.61759640346, 101325.448265831, 101325.27893505634, 101325.1096040793, 101324.94027290019, 101324.77094151893, 101324.60160993555, 101324.43227815007]
    P_dynamic: [3.7846194919616623, 3.784624010305581, 3.78462852866725, 3.7846330470474228, 3.7846375654451663, 3.784642083861717, 3.784646602297937, 3.784651120750963, 3.784655639221519, 3.784660157712373, 3.7846646762208342, 3.784669194747033, 3.7846737132925754, 3.7846782318559438, 3.7846827504391998, 3.7846872690399134, 3.784691787657414, 3.784696306295509, 3.7847008249514396, 3.784705343626474, 3.7847098623182576, 3.784714381027538, 3.7847188997558736, 3.7847234185027876, 3.7847279372670353, 3.7847324560509654, 3.784736974853711, 3.7847414936733883, 3.784746012512079, 3.7847505313689838, 3.784755050245156, 3.784759569137516, 3.78476408804953, 3.784768606980624, 3.784773125930103, 3.784777644896957, 3.784782163883343, 3.7847866828879364, 3.7847912019101444, 3.7847957209508625, 3.7848002400086633, 3.7848047590859144]
        P_tot: [101335.15933505267, 101334.99001587299, 101334.82069649106, 101334.65137690709, 101334.48205712133, 101334.312737133, 101334.1434169428, 101333.97409655004, 101333.80477595533, 101333.63545515842, 101333.46613415914, 101333.29681295792, 101333.1274915545, 101332.95816994882, 101332.78884814095, 101332.61952613102, 101332.45020391888, 101332.28088150467, 101332.11155888822, 101331.9422360696, 101331.77291304893, 101331.60358982602, 101331.43426640079, 101331.26494277346, 101331.09561894413, 101330.92629491272, 101330.75697067898, 101330.587646243, 101330.41832160452, 101330.24899676419, 101330.0796717215, 101329.91034647675, 101329.74102102983, 101329.5716953807, 101329.40236952939, 101329.23304347589, 101329.06371722023, 101328.89439076219, 101328.7250641021, 101328.55573723988, 101328.38641017556, 101328.21708290915]
 Tunnel name: "mainline2" (1st segment)
    Distances: [0.0, 36.58536585365854, 73.17073170731707, 109.7560975609756, 146.34146341463415, 182.9268292682927, 219.5121951219512, 256.0975609756098, 292.6829268292683, 329.2682926829268, 365.8536585365854, 402.4390243902439, 439.0243902439024, 475.609756097561, 512.1951219512196, 548.780487804878, 585.3658536585366, 621.9512195121952, 658.5365853658536, 695.1219512195122, 731.7073170731708, 768.2926829268292, 804.8780487804878, 841.4634146341464, 878.0487804878048, 914.6341463414634, 951.219512195122, 987.8048780487806, 1024.3902439024391, 1060.9756097560976, 1097.560975609756, 1134.1463414634147, 1170.7317073170732, 1207.3170731707316, 1243.9024390243903, 1280.4878048780488, 1317.0731707317073, 1353.658536585366, 1390.2439024390244, 1426.8292682926829, 1463.4146341463415, 1500.0]
   Celerities: [343.82316909650484, 343.8232705736977, 343.82337205056103, 343.8234735270947, 343.8235750032988, 343.82367647917357, 343.82377795471876, 343.82387942993466, 343.8239809048209, 343.82408237937767, 343.824183853605, 343.8242853275027, 343.82438680107094, 343.8244882743097, 343.82458974721897, 343.82469121979875, 343.8247926920491, 343.82489416396993, 343.8249956355614, 343.82509710682336, 343.8251985777558, 343.8253000483587, 343.8254015186322, 343.8255029885762, 343.82560445819064, 343.8257059274757, 343.82580739643146, 343.8259088650576, 343.8260103333542, 343.82611180132136, 343.8262132689591, 343.8263147362674, 343.82641620324637, 343.82651766989585, 343.8266191362159, 343.8267206022065, 343.82682206786745, 343.8269235331992, 343.8270249982014, 343.8271264628743, 343.8272279272177, 343.8273293912317]
   Velocities: [-2.7925552543997036, -2.7925511327960835, -2.7925470112132755, -2.7925428896512403, -2.792538768109527, -2.792534646588262, -2.7925305250871895, -2.79252640360735, -2.7925222821481523, -2.7925181607097755, -2.792514039292459, -2.7925099178953765, -2.7925057965189595, -2.7925016751635394, -2.7924975538284538, -2.792493432513857, -2.792489311220179, -2.792485189947007, -2.792481068694846, -2.7924769474633444, -2.792472826252259, -2.79246870506202, -2.792464583892459, -2.792460462743589, -2.7924563416150305, -2.792452220507517, -2.7924480994207896, -2.7924439783543886, -2.792439857309021, -2.7924357362838435, -2.792431615279894, -2.792427494296838, -2.792423373333753, -2.792419252391591, -2.792415131470475, -2.7924110105698374, -2.79240688968982, -2.7924027688307227, -2.7923986479921443, -2.792394527173721, -2.7923904063765903, -2.7923862856005934]
      Density: [1.2000474982710312, 1.2000492692035076, 1.2000510401323248, 1.2000528110574793, 1.2000545819789734, 1.2000563528968102, 1.200058123810986, 1.2000598947215064, 1.2000616656283645, 1.2000634365315626, 1.2000652074311025, 1.2000669783269802, 1.2000687492191993, 1.2000705201077586, 1.200072290992657, 1.200074061873898, 1.2000758327514782, 1.2000776036254, 1.2000793744956642, 1.2000811453622673, 1.200082916225212, 1.2000846870844941, 1.200086457940119, 1.200088228792084, 1.2000899996403873, 1.2000917704850338, 1.2000935413260214, 1.2000953121633493, 1.2000970829970152, 1.200098853827023, 1.2001006246533719, 1.200102395476062, 1.2001041662950933, 1.2001059371104656, 1.2001077079221796, 1.200109478730233, 1.2001112495346253, 1.2001130203353612, 1.2001147911324368, 1.200116561925855, 1.2001183327156126, 1.200120103501713]
     P_static: [101330.61493381351, 101330.82428354518, 101331.03363296782, 101331.24298208106, 101331.45233088516, 101331.66167938052, 101331.87102756665, 101332.0803754442, 101332.28972301242, 101332.49907027153, 101332.70841722176, 101332.91776386261, 101333.12711019455, 101333.33645621742, 101333.54580193112, 101333.75514733595, 101333.96449243164, 101334.17383721839, 101334.3831816963, 101334.59252586504, 101334.8018697248, 101335.01121327521, 101335.22055651678, 101335.42989944929, 101335.63924207252, 101335.84858438696, 101336.05792639249, 101336.26726808888, 101336.47660947595, 101336.68595055412, 101336.89529132331, 101337.10463178351, 101337.3139719348, 101337.52331177705, 101337.73265131038, 101337.94199053454, 101338.15132944942, 101338.36066805561, 101338.57000635266, 101338.77934434089, 101338.98868201995, 101339.19801939018]
    P_dynamic: [4.679204113748832, 4.6791972066137175, 4.679190299513701, 4.679183392448637, 4.679176485417024, 4.6791695784192955, 4.679162671454583, 4.679155764526395, 4.679148857632724, 4.679141950774176, 4.679135043951564, 4.679128137162103, 4.679121230407253, 4.679114323688119, 4.679107417002478, 4.679100510350862, 4.679093603734697, 4.679086697152609, 4.679079790606295, 4.679072884094565, 4.679065977616613, 4.679059071173862, 4.679052164765773, 4.679045258392376, 4.679038352052396, 4.679031445748308, 4.679024539479236, 4.679017633243637, 4.679010727043872, 4.6790038208771305, 4.678996914746888, 4.678990008652023, 4.678983102589446, 4.678976196562345, 4.678969290571135, 4.678962384613907, 4.678955478691133, 4.6789485728038365, 4.678941666950659, 4.678934761130392, 4.678927855346837, 4.678920949599472]
        P_tot: [101335.29413792727, 101335.5034807518, 101335.71282326734, 101335.92216547352, 101336.13150737058, 101336.34084895893, 101336.55019023811, 101336.75953120872, 101336.96887187005, 101337.17821222231, 101337.3875522657, 101337.59689199977, 101337.80623142495, 101338.01557054112, 101338.22490934812, 101338.4342478463, 101338.64358603537, 101338.85292391555, 101339.0622614869, 101339.27159874914, 101339.48093570242, 101339.69027234639, 101339.89960868155, 101340.10894470768, 101340.31828042457, 101340.5276158327, 101340.73695093197, 101340.94628572212, 101341.155620203, 101341.36495437499, 101341.57428823806, 101341.78362179217, 101341.99295503739, 101342.20228797362, 101342.41162060095, 101342.62095291915, 101342.83028492812, 101343.03961662842, 101343.24894801961, 101343.45827910202, 101343.6676098753, 101343.87694033979]
 Tunnel name: "mainline3" (1st segment)
    Distances: [0.0, 37.5, 75.0, 112.5, 150.0, 187.5, 225.0, 262.5, 300.0, 337.5, 375.0, 412.5, 450.0, 487.5, 525.0, 562.5, 600.0, 637.5, 675.0, 712.5, 750.0]
   Celerities: [343.8235373934203, 343.8234532665422, 343.8233691394376, 343.8232850121065, 343.82320088454907, 343.82311675676505, 343.8230326287546, 343.82294850051767, 343.82286437205425, 343.8227802433644, 343.82269611444804, 343.8226119853052, 343.8225278559359, 343.8224437263401, 343.82235959651786, 343.8222754664691, 343.8221913361939, 343.8221072056922, 343.8220230749639, 343.8219389440092, 343.8218548128273]
   Velocities: [2.5114546005138885, 2.5114576734123712, 2.5114607463231593, 2.511463819246844, 2.5114668921835475, 2.5114699651328207, 2.5114730380951307, 2.5114761110703387, 2.5114791840581736, 2.5114822570587276, 2.511485330072285, 2.5114884030983626, 2.511491476137241, 2.5114945491890506, 2.511497622253863, 2.5115006953308914, 2.5115037684208024, 2.511506841523832, 2.511509914639324, 2.511512987768029, 2.5115160609055516]
      Density: [1.2000539256264071, 1.2000524574787967, 1.2000509893286715, 1.2000495211760305, 1.2000480530208757, 1.2000465848632054, 1.2000451167030186, 1.2000436485403172, 1.2000421803750998, 1.2000407122073666, 1.20003924403712, 1.2000377758643561, 1.2000363076890777, 1.2000348395112843, 1.200033371330975, 1.2000319031481501, 1.2000304349628104, 1.2000289667749549, 1.2000274985845822, 1.2000260303916963, 1.200024562196281]
     P_static: [101331.37474040427, 101331.20118392774, 101331.02762723886, 101330.85407033747, 101330.6805132239, 101330.5069558978, 101330.33339835923, 101330.15984060829, 101329.98628264488, 101329.81272446903, 101329.63916608092, 101329.46560748022, 101329.2920486672, 101329.1184896418, 101328.94493040392, 101328.77137095359, 101328.59781129094, 101328.4242514158, 101328.25069132805, 101328.07713102811, 101327.90357051416]
    P_dynamic: [3.7846125916269506, 3.784617222871282, 3.7846218541334404, 3.7846264854152047, 3.784631116716949, 3.784635748037314, 3.7846403793777053, 3.7846450107377096, 3.7846496421165052, 3.7846542735143713, 3.7846589049321713, 3.7846635363684373, 3.7846681678240235, 3.784672799299321, 3.784677430794542, 3.784682062307318, 3.7846866938396584, 3.784691325392273, 3.784695956963178, 3.7847005885546485, 3.7847052201533873]
        P_tot: [101335.15935299589, 101334.98580115061, 101334.812249093, 101334.63869682289, 101334.46514434062, 101334.29159164583, 101334.11803873861, 101333.94448561902, 101333.77093228699, 101333.59737874255, 101333.42382498585, 101333.25027101659, 101333.07671683501, 101332.9031624411, 101332.72960783471, 101332.5560530159, 101332.38249798477, 101332.20894274118, 101332.03538728501, 101331.86183161667, 101331.68827573431]
 Tunnel name: "mainline3" (2nd segment)
    Distances: [750.0, 787.5, 825.0, 862.5, 900.0, 937.5, 975.0, 1012.5, 1050.0, 1087.5, 1125.0, 1162.5, 1200.0, 1237.5, 1275.0, 1312.5, 1350.0, 1387.5, 1425.0, 1462.5, 1500.0]
   Celerities: [343.82108424407807, 343.82100011059566, 343.82091597688725, 343.8208318429523, 343.82074770879086, 343.82066357440294, 343.8205794397885, 343.8204953049476, 343.8204111698801, 343.82032703458617, 343.8202428990656, 343.8201587633186, 343.8200746273451, 343.8199904911451, 343.8199063547185, 343.81982221806544, 343.8197380811859, 343.8196539440798, 343.8195698067471, 343.819485669188, 343.8194015314023]
   Velocities: [2.5115442049687475, 2.5115472782423507, 2.5115503515262727, 2.5115534248228917, 2.511556498132454, 2.511559571454936, 2.511562644790097, 2.511565718137896, 2.5115687914985867, 2.511571864871847, 2.51157493825796, 2.5115780116574014, 2.5115810850692304, 2.5115841584936773, 2.5115872319309496, 2.5115903053813726, 2.5115933788444353, 2.5115964523198997, 2.511599525808293, 2.511602599309458, 2.51160567282346]
      Density: [1.200011114864936, 1.2000096466439742, 1.2000081784205048, 1.2000067101945195, 1.2000052419660199, 1.2000037737350033, 1.2000023055014721, 1.2000008372654254, 1.1999993690268624, 1.1999979007857844, 1.1999964325421884, 1.1999949642960783, 1.1999934960474532, 1.1999920277963125, 1.199990559542654, 1.1999890912864815, 1.199987623027793, 1.1999861547665887, 1.1999846865028672, 1.1999832182366321, 1.1999817499678802]
     P_static: [101326.31391840524, 101326.14035573424, 101325.96679285174, 101325.7932297568, 101325.61966644951, 101325.44610292968, 101325.27253919753, 101325.09897525294, 101324.92541109584, 101324.75184672639, 101324.5782821442, 101324.4047173498, 101324.231152343, 101324.0575871238, 101323.88402169192, 101323.71045604776, 101323.53689019119, 101323.3633241221, 101323.18975784043, 101323.01619134657, 101322.84262464014]
    P_dynamic: [3.7847476315815127, 3.7847522633947004, 3.784756895219747, 3.784761527063795, 3.7847661589275914, 3.784770790811055, 3.78477542271347, 3.7847800546347075, 3.7847846865755326, 3.7847893185349757, 3.784793950513882, 3.7847985825136963, 3.7848032145315815, 3.784807846568229, 3.784812478624257, 3.784817110700658, 3.7848217427958857, 3.784826374909223, 3.784831007042254, 3.7848356391945175, 3.7848402713661984]
        P_tot: [101330.09866603682, 101329.92510799764, 101329.75154974696, 101329.57799128386, 101329.40443260844, 101329.23087372049, 101329.05731462024, 101328.88375530757, 101328.71019578242, 101328.53663604493, 101328.36307609471, 101328.1895159323, 101328.01595555752, 101327.84239497036, 101327.66883417054, 101327.49527315846, 101327.32171193398, 101327.148150497, 101326.97458884747, 101326.80102698576, 101326.62746491151]
 Tunnel name: "mainline4" (1st segment)
    Distances: [0.0, 37.5, 75.0, 112.5, 150.0, 187.5, 225.0, 262.5, 300.0, 337.5, 375.0, 412.5, 450.0, 487.5, 525.0, 562.5, 600.0, 637.5, 675.0, 712.5, 750.0]
   Celerities: [343.8231690971045, 343.82327311124595, 343.8233771250412, 343.8234811384902, 343.82358515159297, 343.8236891643495, 343.8237931767598, 343.82389718882393, 343.824001200542, 343.82410521191383, 343.8242092229394, 343.8243132336188, 343.82441724395204, 343.8245212539391, 343.82462526358006, 343.82472927287483, 343.82483328182343, 343.82493729042585, 343.8250412986824, 343.82514530659245, 343.8252493141567]
   Velocities: [-2.7925555620301283, -2.7925513374062616, -2.7925471128038306, -2.792542888223458, -2.7925386636649288, -2.792534439128138, -2.792530214612792, -2.7925259901194934, -2.792521765647876, -2.7925175411983028, -2.792513316770747, -2.792509092364625, -2.7925048679799778, -2.7925006436166933, -2.792496419275346, -2.7924921949558477, -2.7924879706582333, -2.7924837463820236, -2.79247952212922, -2.7924752978970284, -2.792471073684901]
      Density: [1.200047498281495, 1.200049313487639, 1.2000511286899376, 1.2000529438883891, 1.200054759082995, 1.200056574273756, 1.2000583894606707, 1.2000602046437414, 1.200062019822968, 1.2000638349983488, 1.200065650169884, 1.2000674653375736, 1.2000692805014186, 1.2000710956614196, 1.2000729108175758, 1.2000747259698867, 1.200076541118353, 1.2000783562629749, 1.2000801714037561, 1.2000819865406862, 1.200083801673779]
     P_static: [101330.61493505053, 101330.82951856908, 101331.04410176288, 101331.25868463177, 101331.47326717588, 101331.68784939525, 101331.9024312898, 101332.11701285973, 101332.33159410508, 101332.54617502565, 101332.76075562138, 101332.97533589238, 101333.18991583871, 101333.4044954604, 101333.61907475744, 101333.83365372974, 101334.04823237736, 101334.2628107003, 101334.47738869906, 101334.69196637241, 101334.9065437219]
    P_dynamic: [4.679205144720444, 4.679198064974579, 4.6791909852641425, 4.679183905591216, 4.679176825955086, 4.679169746355402, 4.679162666791176, 4.679155587264435, 4.679148507773953, 4.67914142832094, 4.679134348905308, 4.6791272695251, 4.679120190180457, 4.6791131108710085, 4.679106031598675, 4.679098952363159, 4.679091873164581, 4.679084794001336, 4.6790777148801475, 4.679070635791608, 4.679063556733938]
        P_tot: [101335.29414019526, 101335.50871663405, 101335.72329274814, 101335.93786853737, 101336.15244400184, 101336.3670191416, 101336.5815939566, 101336.79616844699, 101337.01074261285, 101337.22531645397, 101337.43988997028, 101337.6544631619, 101337.86903602889, 101338.08360857128, 101338.29818078905, 101338.5127526821, 101338.72732425053, 101338.9418954943, 101339.15646641394, 101339.3710370082, 101339.58560727863]
 Tunnel name: "mainline4" (2nd segment)
    Distances: [750.0, 787.5, 825.0, 862.5, 900.0, 937.5, 975.0, 1012.5, 1050.0, 1087.5, 1125.0, 1162.5, 1200.0, 1237.5, 1275.0, 1312.5, 1350.0, 1387.5, 1425.0, 1462.5, 1500.0]
   Celerities: [343.82549880854134, 343.82560281492914, 343.82570682097065, 343.8258108266661, 343.82591483201514, 343.8260188370181, 343.826122841675, 343.8262268459857, 343.82633084995024, 343.82643485356874, 343.826538856841, 343.8266428597672, 343.8267468623473, 343.8268508645813, 343.8269548664692, 343.8270588680109, 343.82716286920646, 343.827266870056, 343.8273708705595, 343.8274748707169, 343.8275788705283]
   Velocities: [-2.79246094202155, -2.7924567178856825, -2.792452493770709, -2.7924482696765995, -2.7924440456048156, -2.7924398215549373, -2.7924355975266177, -2.7924313735201287, -2.792427149535194, -2.7924229255720725, -2.7924187016302926, -2.792414477710666, -2.7924102538131574, -2.792406029936697, -2.7924018060822307, -2.7923975822491935, -2.7923933584381735, -2.7923891346489573, -2.7923849108812364, -2.7923806871356196, -2.7923764634114954]
      Density: [1.200088155842135, 1.2000899709621606, 1.200091786078339, 1.2000936011906744, 1.2000954162991613, 1.200097231403803, 1.2000990465046018, 1.2001008616015558, 1.2001026766946636, 1.2001044917839294, 1.2001063068693492, 1.2001081219509242, 1.2001099370286556, 1.2001117521025424, 1.2001135671725855, 1.2001153822387838, 1.200117197301136, 1.200119012359646, 1.2001208274143125, 1.2001226424651352, 1.2001244575121157]
     P_static: [101335.42127559998, 101335.63585184597, 101335.850427767, 101336.0650033635, 101336.27957863484, 101336.49415358152, 101336.70872820365, 101336.92330250109, 101337.1378764737, 101337.35245012188, 101337.5670234452, 101337.78159644389, 101337.99616911795, 101338.21074146735, 101338.42531349217, 101338.63988519226, 101338.85445656748, 101339.0690276183, 101339.28359834457, 101339.49816874624, 101339.71273882348]
    P_dynamic: [4.679046580122359, 4.679039501196541, 4.679032422304337, 4.679025343445659, 4.679018264625387, 4.679011185842127, 4.679004107094723, 4.6789970283840825, 4.678989949709272, 4.678982871071176, 4.678975792468199, 4.678968713903067, 4.678961635375664, 4.678954556882403, 4.678947478426458, 4.678940400005932, 4.6789333216227895, 4.678926243276331, 4.678919164965518, 4.6789120866923914, 4.6789050084549055]
        P_tot: [101340.1003221801, 101340.31489134717, 101340.52946018931, 101340.74402870695, 101340.95859689947, 101341.17316476736, 101341.38773231074, 101341.60229952948, 101341.81686642341, 101342.03143299295, 101342.24599923767, 101342.4605651578, 101342.67513075333, 101342.88969602423, 101343.1042609706, 101343.31882559226, 101343.53338988911, 101343.74795386157, 101343.96251750953, 101344.17708083293, 101344.39164383193]
Gnuplot returned zero for the 1st call, so all's well.
